<?xml version="1.0" encoding="UTF-8"?>
<testsuite xmlns:xsi="http://www.w3.org/2001/XMLSchema-instance" xsi:schemaLocation="https://maven.apache.org/surefire/maven-surefire-plugin/xsd/surefire-test-report.xsd" name="com.esprit.examen.services.OperateurServiceImplTest" time="5.573" tests="3" errors="0" skipped="0" failures="0">
  <properties>
[...]
</properties>
  <testcase name="testDeleteOperateur" classname="com.esprit.examen.services.OperateurServiceImplTest" time="0.122"/>
  <testcase name="testAddOperateur" classname="com.esprit.examen.services.OperateurServiceImplTest" time="0.166"/>
  <testcase name="testRetrieveAllOperateur" classname="com.esprit.examen.services.OperateurServiceImplTest" time="0.023"/>
</testsuite>